Doxygen version used: 1.8.18
Searching for include files...
Searching for example files...
Searching for images...
Searching for dot files...
Searching for msc files...
Searching for dia files...
Searching for files to exclude
Searching INPUT for files to process...
Searching for files in directory /Users/cary/src/cary-ilm/Imath/Imath
Reading and parsing tag files
Parsing files
Preprocessing /Users/cary/src/cary-ilm/Imath/Imath/CMakeLists.txt...
Parsing file /Users/cary/src/cary-ilm/Imath/Imath/CMakeLists.txt...
Preprocessing /Users/cary/src/cary-ilm/Imath/Imath/ImathBox.h...
Parsing file /Users/cary/src/cary-ilm/Imath/Imath/ImathBox.h...
Preprocessing /Users/cary/src/cary-ilm/Imath/Imath/ImathBoxAlgo.h...
Parsing file /Users/cary/src/cary-ilm/Imath/Imath/ImathBoxAlgo.h...
Preprocessing /Users/cary/src/cary-ilm/Imath/Imath/ImathColor.h...
Parsing file /Users/cary/src/cary-ilm/Imath/Imath/ImathColor.h...
Preprocessing /Users/cary/src/cary-ilm/Imath/Imath/ImathColorAlgo.cpp...
Parsing file /Users/cary/src/cary-ilm/Imath/Imath/ImathColorAlgo.cpp...
Preprocessing /Users/cary/src/cary-ilm/Imath/Imath/ImathColorAlgo.h...
Parsing file /Users/cary/src/cary-ilm/Imath/Imath/ImathColorAlgo.h...
Preprocessing /Users/cary/src/cary-ilm/Imath/Imath/ImathEuler.h...
Parsing file /Users/cary/src/cary-ilm/Imath/Imath/ImathEuler.h...
Preprocessing /Users/cary/src/cary-ilm/Imath/Imath/ImathExport.h...
Parsing file /Users/cary/src/cary-ilm/Imath/Imath/ImathExport.h...
Preprocessing /Users/cary/src/cary-ilm/Imath/Imath/ImathForward.h...
Parsing file /Users/cary/src/cary-ilm/Imath/Imath/ImathForward.h...
Preprocessing /Users/cary/src/cary-ilm/Imath/Imath/ImathFrame.h...
Parsing file /Users/cary/src/cary-ilm/Imath/Imath/ImathFrame.h...
Preprocessing /Users/cary/src/cary-ilm/Imath/Imath/ImathFrustum.h...
Parsing file /Users/cary/src/cary-ilm/Imath/Imath/ImathFrustum.h...
Preprocessing /Users/cary/src/cary-ilm/Imath/Imath/ImathFrustumTest.h...
Parsing file /Users/cary/src/cary-ilm/Imath/Imath/ImathFrustumTest.h...
Preprocessing /Users/cary/src/cary-ilm/Imath/Imath/ImathFun.cpp...
Parsing file /Users/cary/src/cary-ilm/Imath/Imath/ImathFun.cpp...
Preprocessing /Users/cary/src/cary-ilm/Imath/Imath/ImathFun.h...
Parsing file /Users/cary/src/cary-ilm/Imath/Imath/ImathFun.h...
Preprocessing /Users/cary/src/cary-ilm/Imath/Imath/ImathGL.h...
Parsing file /Users/cary/src/cary-ilm/Imath/Imath/ImathGL.h...
Preprocessing /Users/cary/src/cary-ilm/Imath/Imath/ImathGLU.h...
Parsing file /Users/cary/src/cary-ilm/Imath/Imath/ImathGLU.h...
Preprocessing /Users/cary/src/cary-ilm/Imath/Imath/ImathHalfLimits.h...
Parsing file /Users/cary/src/cary-ilm/Imath/Imath/ImathHalfLimits.h...
Preprocessing /Users/cary/src/cary-ilm/Imath/Imath/ImathInt64.h...
Parsing file /Users/cary/src/cary-ilm/Imath/Imath/ImathInt64.h...
Preprocessing /Users/cary/src/cary-ilm/Imath/Imath/ImathInterval.h...
Parsing file /Users/cary/src/cary-ilm/Imath/Imath/ImathInterval.h...
Preprocessing /Users/cary/src/cary-ilm/Imath/Imath/ImathLimits.h...
Parsing file /Users/cary/src/cary-ilm/Imath/Imath/ImathLimits.h...
Preprocessing /Users/cary/src/cary-ilm/Imath/Imath/ImathLine.h...
Parsing file /Users/cary/src/cary-ilm/Imath/Imath/ImathLine.h...
Preprocessing /Users/cary/src/cary-ilm/Imath/Imath/ImathLineAlgo.h...
Parsing file /Users/cary/src/cary-ilm/Imath/Imath/ImathLineAlgo.h...
Preprocessing /Users/cary/src/cary-ilm/Imath/Imath/ImathMath.h...
Parsing file /Users/cary/src/cary-ilm/Imath/Imath/ImathMath.h...
Preprocessing /Users/cary/src/cary-ilm/Imath/Imath/ImathMatrix.h...
Parsing file /Users/cary/src/cary-ilm/Imath/Imath/ImathMatrix.h...
Preprocessing /Users/cary/src/cary-ilm/Imath/Imath/ImathMatrixAlgo.cpp...
Parsing file /Users/cary/src/cary-ilm/Imath/Imath/ImathMatrixAlgo.cpp...
Preprocessing /Users/cary/src/cary-ilm/Imath/Imath/ImathMatrixAlgo.h...
Parsing file /Users/cary/src/cary-ilm/Imath/Imath/ImathMatrixAlgo.h...
Preprocessing /Users/cary/src/cary-ilm/Imath/Imath/ImathNamespace.h...
Parsing file /Users/cary/src/cary-ilm/Imath/Imath/ImathNamespace.h...
Preprocessing /Users/cary/src/cary-ilm/Imath/Imath/ImathPlane.h...
Parsing file /Users/cary/src/cary-ilm/Imath/Imath/ImathPlane.h...
Preprocessing /Users/cary/src/cary-ilm/Imath/Imath/ImathPlatform.h...
Parsing file /Users/cary/src/cary-ilm/Imath/Imath/ImathPlatform.h...
Preprocessing /Users/cary/src/cary-ilm/Imath/Imath/ImathQuat.h...
Parsing file /Users/cary/src/cary-ilm/Imath/Imath/ImathQuat.h...
Preprocessing /Users/cary/src/cary-ilm/Imath/Imath/ImathRandom.cpp...
Parsing file /Users/cary/src/cary-ilm/Imath/Imath/ImathRandom.cpp...
Preprocessing /Users/cary/src/cary-ilm/Imath/Imath/ImathRandom.h...
Parsing file /Users/cary/src/cary-ilm/Imath/Imath/ImathRandom.h...
Preprocessing /Users/cary/src/cary-ilm/Imath/Imath/ImathRoots.h...
Parsing file /Users/cary/src/cary-ilm/Imath/Imath/ImathRoots.h...
Preprocessing /Users/cary/src/cary-ilm/Imath/Imath/ImathShear.h...
Parsing file /Users/cary/src/cary-ilm/Imath/Imath/ImathShear.h...
Preprocessing /Users/cary/src/cary-ilm/Imath/Imath/ImathSphere.h...
Parsing file /Users/cary/src/cary-ilm/Imath/Imath/ImathSphere.h...
Preprocessing /Users/cary/src/cary-ilm/Imath/Imath/ImathVec.cpp...
Parsing file /Users/cary/src/cary-ilm/Imath/Imath/ImathVec.cpp...
Preprocessing /Users/cary/src/cary-ilm/Imath/Imath/ImathVec.h...
Parsing file /Users/cary/src/cary-ilm/Imath/Imath/ImathVec.h...
Preprocessing /Users/cary/src/cary-ilm/Imath/Imath/ImathVecAlgo.h...
Parsing file /Users/cary/src/cary-ilm/Imath/Imath/ImathVecAlgo.h...
Building group list...
Building directory list...
Building namespace list...
Building file list...
Building class list...
Computing nesting relations for classes...
Associating documentation with classes...
Building example list...
Searching for enumerations...
Searching for documented typedefs...
Searching for members imported via using declarations...
Searching for included using directives...
Searching for documented variables...
Building interface member list...
Building member list...
Searching for friends...
Searching for documented defines...
Computing class inheritance relations...
Computing class usage relations...
Flushing cached template relations that have become invalid...
Computing class relations...
Add enum values to enums...
Searching for member function documentation...
Creating members for template instances...
Building page list...
Search for main page...
Computing page relations...
Determining the scope of groups...
Sorting lists...
Determining which enums are documented
Computing member relations...
Building full member lists recursively...
Adding members to member groups.
Computing member references...
Inheriting documentation...
Generating disk names...
Adding source references...
Adding xrefitems...
Sorting member lists...
Setting anonymous enum type...
Computing dependencies between directories...
Generating citations page...
Counting members...
Counting data structures...
Resolving user defined references...
Finding anchors and sections in the documentation...
Transferring function references...
Combining using relations...
Adding members to index pages...
Correcting members for VHDL...
Generating style sheet...
Generating search indices...
Generating example documentation...
Generating file sources...
Generating code for file ImathBox.h...
Generating code for file ImathBoxAlgo.h...
Generating code for file ImathColor.h...
Generating code for file ImathColorAlgo.h...
Generating code for file ImathEuler.h...
Generating code for file ImathExport.h...
Generating code for file ImathForward.h...
Generating code for file ImathFrame.h...
Generating code for file ImathFrustum.h...
Generating code for file ImathFrustumTest.h...
Generating code for file ImathFun.h...
Generating code for file ImathGL.h...
Generating code for file ImathGLU.h...
Generating code for file ImathHalfLimits.h...
Generating code for file ImathInt64.h...
Generating code for file ImathInterval.h...
Generating code for file ImathLimits.h...
Generating code for file ImathLine.h...
Generating code for file ImathLineAlgo.h...
Generating code for file ImathMath.h...
Generating code for file ImathMatrix.h...
Generating code for file ImathMatrixAlgo.h...
Generating code for file ImathNamespace.h...
Generating code for file ImathPlane.h...
Generating code for file ImathPlatform.h...
Generating code for file ImathQuat.h...
Generating code for file ImathRandom.h...
Generating code for file ImathRoots.h...
Generating code for file ImathShear.h...
Generating code for file ImathSphere.h...
Generating code for file ImathVec.h...
Generating code for file ImathVecAlgo.h...
Generating file documentation...
Generating page documentation...
Generating group documentation...
Generating class documentation...
Generating docs for compound Box...
Generating docs for compound Box< Vec2< T > >...
Generating docs for compound Box< Vec3< T > >...
Generating docs for compound Color3...
Generating docs for compound Color4...
Generating docs for compound Euler...
Generating docs for compound Frustum...
Generating docs for compound FrustumTest...
Generating docs for compound GLBegin...
Generating docs for compound GLPushAttrib...
Generating docs for compound GLPushMatrix...
Generating docs for compound Interval...
Generating docs for compound limits...
Generating docs for compound limits< char >...
Generating docs for compound limits< double >...
Generating docs for compound limits< float >...
Generating docs for compound limits< half >...
Generating docs for compound limits< int >...
Generating docs for compound limits< long >...
Generating docs for compound limits< long double >...
Generating docs for compound limits< short >...
Generating docs for compound limits< signed char >...
Generating docs for compound limits< unsigned char >...
Generating docs for compound limits< unsigned int >...
Generating docs for compound limits< unsigned long >...
Generating docs for compound limits< unsigned short >...
Generating docs for compound Line3...
Generating docs for compound Math...
Generating docs for compound Math< float >...
Generating docs for compound Matrix22...
Generating docs for compound Matrix33...
Generating docs for compound Matrix44...
Generating docs for compound Plane3...
Generating docs for compound Quat...
Generating docs for compound Rand32...
Generating docs for compound Rand48...
Generating docs for compound Shear6...
Generating docs for compound Sphere3...
Generating docs for compound TMatrix...
Generating docs for compound TMatrixBase...
Generating docs for compound TMatrixData...
Generating docs for compound Vec2...
Generating docs for compound Vec3...
Generating docs for compound Vec4...
Generating namespace index...
Generating graph info page...
Generating directory documentation...
Generating index page...
Generating page index...
Generating module index...
Generating namespace index...
Generating namespace member index...
Generating annotated compound index...
Generating alphabetical compound index...
Generating hierarchical class index...
Generating member index...
Generating file index...
Generating file member index...
Generating example index...
finalizing index lists...
writing tag file...
Running plantuml with JAVA...
lookup cache used 1316/65536 hits=25308 misses=1336
finished...
